<?xml version="1.0" encoding="UTF-8"?>
<!-- Generated by org.testng.reporters.JUnitReportReporter -->
<testsuite hostname="Aarya" failures="0" tests="1" name="viewHistory.TestViewHistory" time="25.064" errors="0" timestamp="13 Apr 2020 03:01:16 GMT" skipped="0">
  <testcase classname="viewHistory.TestViewHistory" name="testViewHistory" time="25.064"/>
</testsuite> <!-- viewHistory.TestViewHistory -->
