<?xml version="1.0" encoding="UTF-8"?>
<!-- Generated by org.testng.reporters.JUnitReportReporter -->
<testsuite hostname="Aarya" failures="0" tests="1" name="viewHistory.TC_MMP_PAT_LOG_004" time="10.022" errors="0" timestamp="13 Apr 2020 14:57:19 GMT" skipped="0">
  <testcase classname="viewHistory.TC_MMP_PAT_LOG_004" name="adminLogin" time="10.022"/>
</testsuite> <!-- viewHistory.TC_MMP_PAT_LOG_004 -->
